<?xml version="1.0" encoding="UTF-8"?>
<testng-results skipped="0" failed="0" ignored="0" total="1" passed="1">
  <reporter-output>
  </reporter-output>
  <suite name="Suite" duration-ms="141128" started-at="2021-02-03T19:28:30 IST" finished-at="2021-02-03T19:30:52 IST">
    <groups>
      <group name="cucumber">
        <method signature="AbstractTestNGCucumberTests.feature(cucumber.api.testng.CucumberFeatureWrapper)[pri:0, instance:com.traderev_qa.runners.TestRunner@453da22c]" name="feature" class="cucumber.api.testng.AbstractTestNGCucumberTests"/>
      </group> <!-- cucumber -->
    </groups>
    <test name="Validating Career page" duration-ms="141128" started-at="2021-02-03T19:28:30 IST" finished-at="2021-02-03T19:30:52 IST">
      <class name="com.traderev_qa.runners.TestRunner">
        <test-method status="PASS" signature="setUpClass()[pri:0, instance:com.traderev_qa.runners.TestRunner@453da22c]" name="setUpClass" is-config="true" duration-ms="549" started-at="2021-02-03T19:28:30 IST" finished-at="2021-02-03T19:28:31 IST">
          <reporter-output>
          </reporter-output>
        </test-method> <!-- setUpClass -->
        <test-method status="PASS" signature="feature(cucumber.api.testng.CucumberFeatureWrapper)[pri:0, instance:com.traderev_qa.runners.TestRunner@453da22c]" name="feature" duration-ms="140211" started-at="2021-02-03T19:28:31 IST" description="Runs Cucumber Feature" data-provider="features" finished-at="2021-02-03T19:30:51 IST">
          <params>
            <param index="0">
              <value>
                <![CDATA[Careers page validation]]>
              </value>
            </param>
          </params>
          <reporter-output>
          </reporter-output>
        </test-method> <!-- feature -->
        <test-method status="PASS" signature="tearDownClass()[pri:0, instance:com.traderev_qa.runners.TestRunner@453da22c]" name="tearDownClass" is-config="true" duration-ms="35" started-at="2021-02-03T19:30:52 IST" finished-at="2021-02-03T19:30:52 IST">
          <reporter-output>
          </reporter-output>
        </test-method> <!-- tearDownClass -->
      </class> <!-- com.traderev_qa.runners.TestRunner -->
    </test> <!-- Validating Career page -->
  </suite> <!-- Suite -->
</testng-results>
